<?xml version="1.0" encoding="UTF-8"?>
<!-- Generated by org.testng.reporters.JUnitReportReporter -->
<testsuite hostname="DESKTOP-L24NCKJ" failures="0" tests="2" name="com.parameters.dataprovider.AssertVsVerify" time="0.033" errors="0" timestamp="21 Jul 2023 00:59:13 GMT" skipped="0">
  <testcase classname="com.parameters.dataprovider.AssertVsVerify" name="hardAssert" time="0.021"/>
  <testcase classname="com.parameters.dataprovider.AssertVsVerify" name="softAssert" time="0.012"/>
</testsuite> <!-- com.parameters.dataprovider.AssertVsVerify -->
