<?xml version="1.0" encoding="UTF-8"?>
<!-- Generated by org.testng.reporters.JUnitReportReporter -->
<testsuite hostname="DESKTOP-L24NCKJ" failures="0" tests="1" name="com.testng.listeners.KnownFailedTestcase" time="0.030" errors="0" timestamp="23 Jul 2023 06:20:28 GMT" skipped="0">
  <testcase classname="com.testng.listeners.KnownFailedTestcase" name="knownFailureTest" time="0.030"/>
</testsuite> <!-- com.testng.listeners.KnownFailedTestcase -->
