<?xml version="1.0" encoding="UTF-8"?>
<!-- Generated by org.testng.reporters.JUnitReportReporter -->
<testsuite hostname="DESKTOP-L24NCKJ" failures="0" tests="1" name="com.extent.reports.SampleTest" time="165.595" errors="0" timestamp="22 Jul 2023 08:16:05 GMT" skipped="0">
  <testcase classname="com.extent.reports.SampleTest" name="validCredentials" time="165.595"/>
</testsuite> <!-- com.extent.reports.SampleTest -->
