<?xml version="1.0" encoding="UTF-8"?>
<!-- Generated by org.testng.reporters.JUnitReportReporter -->
<testsuite hostname="DESKTOP-L24NCKJ" failures="0" tests="1" name="com.parameters.dataprovider.SampleParameters" time="16.031" errors="0" timestamp="19 Jul 2023 00:51:21 GMT" skipped="0">
  <testcase classname="com.parameters.dataprovider.SampleParameters" name="bobcatMethod" time="16.031"/>
</testsuite> <!-- com.parameters.dataprovider.SampleParameters -->
