<?xml version="1.0" encoding="UTF-8"?>
<!-- Generated by org.testng.reporters.JUnitReportReporter -->
<testsuite hostname="DESKTOP-L24NCKJ" failures="0" tests="2" name="com.testng.attributes.Priority" time="0.008" errors="0" timestamp="22 Jul 2023 06:43:14 GMT" skipped="0">
  <testcase classname="com.testng.attributes.Priority" name="testOne" time="0.003"/>
  <testcase classname="com.testng.attributes.Priority" name="sampleMethod" time="0.005"/>
</testsuite> <!-- com.testng.attributes.Priority -->
