<?xml version="1.0" encoding="UTF-8"?>
<!-- Generated by org.testng.reporters.JUnitReportReporter -->
<testsuite hostname="DESKTOP-L24NCKJ" failures="0" tests="2" name="com.testng.groups.GroupsSample" time="0.025" errors="0" timestamp="22 Jul 2023 06:43:14 GMT" skipped="0">
  <testcase classname="com.testng.groups.GroupsSample" name="test5" time="0.004"/>
  <testcase classname="com.testng.groups.GroupsSample" name="test1" time="0.021"/>
</testsuite> <!-- com.testng.groups.GroupsSample -->
