<?xml version="1.0" encoding="UTF-8"?>
<!-- Generated by org.testng.reporters.JUnitReportReporter -->
<testsuite hostname="DESKTOP-L24NCKJ" failures="0" tests="1" name="com.parameters.dataprovider.ParametersSample" time="11.253" errors="0" timestamp="23 Jul 2023 07:11:31 GMT" skipped="0">
  <testcase classname="com.parameters.dataprovider.ParametersSample" name="launchFlipkart" time="11.253"/>
</testsuite> <!-- com.parameters.dataprovider.ParametersSample -->
